opencv/build/intermediates/manifest_merge_blame_file/debug/processDebugManifest/manifest-merger-blame-debug-report.txt
1<?xml version="1.0" encoding="utf-8"?>
2<manifest xmlns:android="http://schemas.android.com/apk/res/android"
3    package="org.opencv"
4    android:versionCode="490"
5    android:versionName="4.9.0" >
6
7    <uses-sdk android:minSdkVersion="26" />
7-->INJECTED
7-->INJECTED
8
9    <application />
9-->opencv\java\AndroidManifest.xml:6:5-20
10
11</manifest>